# JRE version: OpenJDK Runtime Environment (8.0_362-b08) (build 1.8.0_362-b08)
# Java VM: OpenJDK 64-Bit Server VM (25.362-b08 mixed mode windows-amd64 compressed oops)
Heap:
 PSYoungGen      total 71680K, used 18224K [0x00000000d5f80000, 0x00000000dd580000, 0x0000000100000000)
  eden space 66560K, 19% used [0x00000000d5f80000,0x00000000d6c50398,0x00000000da080000)
  from space 5120K, 99% used [0x00000000da080000,0x00000000da57c038,0x00000000da580000)
  to   space 25088K, 0% used [0x00000000dbd00000,0x00000000dbd00000,0x00000000dd580000)
 ParOldGen       total 72704K, used 32799K [0x0000000081e00000, 0x0000000086500000, 0x00000000d5f80000)
  object space 72704K, 45% used [0x0000000081e00000,0x0000000083e07cf0,0x0000000086500000)
 Metaspace       used 30311K, capacity 31920K, committed 32000K, reserved 1077248K
  class space    used 3964K, capacity 4285K, committed 4352K, reserved 1048576K
GC Heap History (10 events):
Event: 3.551 GC heap before
{Heap before GC invocations=2 (full 0):
 PSYoungGen      total 38400K, used 38385K [0x00000000d5f80000, 0x00000000d8a00000, 0x0000000100000000)
  eden space 33280K, 100% used [0x00000000d5f80000,0x00000000d8000000,0x00000000d8000000)
  from space 5120K, 99% used [0x00000000d8000000,0x00000000d84fc790,0x00000000d8500000)
  to   space 5120K, 0% used [0x00000000d8500000,0x00000000d8500000,0x00000000d8a00000)
 ParOldGen       total 87552K, used 2641K [0x0000000081e00000, 0x0000000087380000, 0x00000000d5f80000)
  object space 87552K, 3% used [0x0000000081e00000,0x00000000820944e0,0x0000000087380000)
 Metaspace       used 18519K, capacity 19194K, committed 19328K, reserved 1067008K
  class space    used 2379K, capacity 2586K, committed 2688K, reserved 1048576K
Event: 3.572 GC heap after
Heap after GC invocations=2 (full 0):
 PSYoungGen      total 38400K, used 5119K [0x00000000d5f80000, 0x00000000daa80000, 0x0000000100000000)
  eden space 33280K, 0% used [0x00000000d5f80000,0x00000000d5f80000,0x00000000d8000000)
  from space 5120K, 99% used [0x00000000d8500000,0x00000000d89ffe50,0x00000000d8a00000)
  to   space 5120K, 0% used [0x00000000d8000000,0x00000000d8000000,0x00000000d8500000)
 ParOldGen       total 87552K, used 11919K [0x0000000081e00000, 0x0000000087380000, 0x00000000d5f80000)
  object space 87552K, 13% used [0x0000000081e00000,0x00000000829a3e18,0x0000000087380000)
 Metaspace       used 18519K, capacity 19194K, committed 19328K, reserved 1067008K
  class space    used 2379K, capacity 2586K, committed 2688K, reserved 1048576K
}
Event: 4.046 GC heap before
{Heap before GC invocations=3 (full 0):
 PSYoungGen      total 38400K, used 12685K [0x00000000d5f80000, 0x00000000daa80000, 0x0000000100000000)
  eden space 33280K, 22% used [0x00000000d5f80000,0x00000000d66e3910,0x00000000d8000000)
  from space 5120K, 99% used [0x00000000d8500000,0x00000000d89ffe50,0x00000000d8a00000)
  to   space 5120K, 0% used [0x00000000d8000000,0x00000000d8000000,0x00000000d8500000)
 ParOldGen       total 87552K, used 11919K [0x0000000081e00000, 0x0000000087380000, 0x00000000d5f80000)
  object space 87552K, 13% used [0x0000000081e00000,0x00000000829a3e18,0x0000000087380000)
 Metaspace       used 20454K, capacity 21224K, committed 21296K, reserved 1067008K
  class space    used 2679K, capacity 2873K, committed 2944K, reserved 1048576K
Event: 4.055 GC heap after
Heap after GC invocations=3 (full 0):
 PSYoungGen      total 38400K, used 5103K [0x00000000d5f80000, 0x00000000daa80000, 0x0000000100000000)
  eden space 33280K, 0% used [0x00000000d5f80000,0x00000000d5f80000,0x00000000d8000000)
  from space 5120K, 99% used [0x00000000d8000000,0x00000000d84fbe80,0x00000000d8500000)
  to   space 5120K, 0% used [0x00000000da580000,0x00000000da580000,0x00000000daa80000)
 ParOldGen       total 87552K, used 13589K [0x0000000081e00000, 0x0000000087380000, 0x00000000d5f80000)
  object space 87552K, 15% used [0x0000000081e00000,0x0000000082b456e0,0x0000000087380000)
 Metaspace       used 20454K, capacity 21224K, committed 21296K, reserved 1067008K
  class space    used 2679K, capacity 2873K, committed 2944K, reserved 1048576K
}
Event: 4.055 GC heap before
{Heap before GC invocations=4 (full 1):
 PSYoungGen      total 38400K, used 5103K [0x00000000d5f80000, 0x00000000daa80000, 0x0000000100000000)
  eden space 33280K, 0% used [0x00000000d5f80000,0x00000000d5f80000,0x00000000d8000000)
  from space 5120K, 99% used [0x00000000d8000000,0x00000000d84fbe80,0x00000000d8500000)
  to   space 5120K, 0% used [0x00000000da580000,0x00000000da580000,0x00000000daa80000)
 ParOldGen       total 87552K, used 13589K [0x0000000081e00000, 0x0000000087380000, 0x00000000d5f80000)
  object space 87552K, 15% used [0x0000000081e00000,0x0000000082b456e0,0x0000000087380000)
 Metaspace       used 20454K, capacity 21224K, committed 21296K, reserved 1067008K
  class space    used 2679K, capacity 2873K, committed 2944K, reserved 1048576K
Event: 4.099 GC heap after
Heap after GC invocations=4 (full 1):
 PSYoungGen      total 38400K, used 0K [0x00000000d5f80000, 0x00000000daa80000, 0x0000000100000000)
  eden space 33280K, 0% used [0x00000000d5f80000,0x00000000d5f80000,0x00000000d8000000)
  from space 5120K, 0% used [0x00000000d8000000,0x00000000d8000000,0x00000000d8500000)
  to   space 5120K, 0% used [0x00000000da580000,0x00000000da580000,0x00000000daa80000)
 ParOldGen       total 72704K, used 12681K [0x0000000081e00000, 0x0000000086500000, 0x00000000d5f80000)
  object space 72704K, 17% used [0x0000000081e00000,0x0000000082a62538,0x0000000086500000)
 Metaspace       used 20454K, capacity 21224K, committed 21296K, reserved 1067008K
  class space    used 2679K, capacity 2873K, committed 2944K, reserved 1048576K
}
Event: 6.998 GC heap before
{Heap before GC invocations=5 (full 1):
 PSYoungGen      total 38400K, used 33280K [0x00000000d5f80000, 0x00000000daa80000, 0x0000000100000000)
  eden space 33280K, 100% used [0x00000000d5f80000,0x00000000d8000000,0x00000000d8000000)
  from space 5120K, 0% used [0x00000000d8000000,0x00000000d8000000,0x00000000d8500000)
  to   space 5120K, 0% used [0x00000000da580000,0x00000000da580000,0x00000000daa80000)
 ParOldGen       total 72704K, used 12681K [0x0000000081e00000, 0x0000000086500000, 0x00000000d5f80000)
  object space 72704K, 17% used [0x0000000081e00000,0x0000000082a62538,0x0000000086500000)
 Metaspace       used 27822K, capacity 29282K, committed 29440K, reserved 1075200K
  class space    used 3742K, capacity 4012K, committed 4096K, reserved 1048576K
Event: 7.006 GC heap after
Heap after GC invocations=5 (full 1):
 PSYoungGen      total 54784K, used 5116K [0x00000000d5f80000, 0x00000000daa80000, 0x0000000100000000)
  eden space 49664K, 0% used [0x00000000d5f80000,0x00000000d5f80000,0x00000000d9000000)
  from space 5120K, 99% used [0x00000000da580000,0x00000000daa7f2a0,0x00000000daa80000)
  to   space 5120K, 0% used [0x00000000da080000,0x00000000da080000,0x00000000da580000)
 ParOldGen       total 72704K, used 13528K [0x0000000081e00000, 0x0000000086500000, 0x00000000d5f80000)
  object space 72704K, 18% used [0x0000000081e00000,0x0000000082b362f8,0x0000000086500000)
 Metaspace       used 27822K, capacity 29282K, committed 29440K, reserved 1075200K
  class space    used 3742K, capacity 4012K, committed 4096K, reserved 1048576K
}
Event: 43.472 GC heap before
{Heap before GC invocations=6 (full 1):
 PSYoungGen      total 54784K, used 54216K [0x00000000d5f80000, 0x00000000daa80000, 0x0000000100000000)
  eden space 49664K, 98% used [0x00000000d5f80000,0x00000000d8f72f18,0x00000000d9000000)
  from space 5120K, 99% used [0x00000000da580000,0x00000000daa7f2a0,0x00000000daa80000)
  to   space 5120K, 0% used [0x00000000da080000,0x00000000da080000,0x00000000da580000)
 ParOldGen       total 72704K, used 13528K [0x0000000081e00000, 0x0000000086500000, 0x00000000d5f80000)
  object space 72704K, 18% used [0x0000000081e00000,0x0000000082b362f8,0x0000000086500000)
 Metaspace       used 30249K, capacity 31850K, committed 32000K, reserved 1077248K
  class space    used 3963K, capacity 4284K, committed 4352K, reserved 1048576K
Event: 43.486 GC heap after
Heap after GC invocations=6 (full 1):
 PSYoungGen      total 71680K, used 5104K [0x00000000d5f80000, 0x00000000dd580000, 0x0000000100000000)
  eden space 66560K, 0% used [0x00000000d5f80000,0x00000000d5f80000,0x00000000da080000)
  from space 5120K, 99% used [0x00000000da080000,0x00000000da57c038,0x00000000da580000)
  to   space 25088K, 0% used [0x00000000dbd00000,0x00000000dbd00000,0x00000000dd580000)
 ParOldGen       total 72704K, used 32799K [0x0000000081e00000, 0x0000000086500000, 0x00000000d5f80000)
  object space 72704K, 45% used [0x0000000081e00000,0x0000000083e07cf0,0x0000000086500000)
 Metaspace       used 30249K, capacity 31850K, committed 32000K, reserved 1077248K
  class space    used 3963K, capacity 4284K, committed 4352K, reserved 1048576K
}

