# JRE version: OpenJDK Runtime Environment (8.0_362-b08) (build 1.8.0_362-b08)
# Java VM: OpenJDK 64-Bit Server VM (25.362-b08 mixed mode windows-amd64 compressed oops)
Heap:
 PSYoungGen      total 89088K, used 7546K [0x00000000d5f80000, 0x00000000df500000, 0x0000000100000000)
  eden space 65536K, 11% used [0x00000000d5f80000,0x00000000d66de910,0x00000000d9f80000)
  from space 23552K, 0% used [0x00000000d9f80000,0x00000000d9f80000,0x00000000db680000)
  to   space 27136K, 0% used [0x00000000dda80000,0x00000000dda80000,0x00000000df500000)
 ParOldGen       total 425472K, used 266122K [0x0000000081e00000, 0x000000009bd80000, 0x00000000d5f80000)
  object space 425472K, 62% used [0x0000000081e00000,0x00000000921e29e8,0x000000009bd80000)
 Metaspace       used 31122K, capacity 32918K, committed 33152K, reserved 1077248K
  class space    used 4060K, capacity 4412K, committed 4480K, reserved 1048576K
GC Heap History (10 events):
Event: 20.120 GC heap before
{Heap before GC invocations=6 (full 1):
 PSYoungGen      total 52224K, used 50675K [0x00000000d5f80000, 0x00000000daa80000, 0x0000000100000000)
  eden space 47104K, 96% used [0x00000000d5f80000,0x00000000d8bff228,0x00000000d8d80000)
  from space 5120K, 99% used [0x00000000da580000,0x00000000daa7dc20,0x00000000daa80000)
  to   space 5120K, 0% used [0x00000000da080000,0x00000000da080000,0x00000000da580000)
 ParOldGen       total 163328K, used 139979K [0x0000000081e00000, 0x000000008bd80000, 0x00000000d5f80000)
  object space 163328K, 85% used [0x0000000081e00000,0x000000008a6b2f88,0x000000008bd80000)
 Metaspace       used 30019K, capacity 31648K, committed 31744K, reserved 1077248K
  class space    used 3962K, capacity 4283K, committed 4352K, reserved 1048576K
Event: 20.148 GC heap after
Heap after GC invocations=6 (full 1):
 PSYoungGen      total 69120K, used 5098K [0x00000000d5f80000, 0x00000000dcf00000, 0x0000000100000000)
  eden space 64000K, 0% used [0x00000000d5f80000,0x00000000d5f80000,0x00000000d9e00000)
  from space 5120K, 99% used [0x00000000da080000,0x00000000da57aa40,0x00000000da580000)
  to   space 25088K, 0% used [0x00000000db680000,0x00000000db680000,0x00000000dcf00000)
 ParOldGen       total 163328K, used 159799K [0x0000000081e00000, 0x000000008bd80000, 0x00000000d5f80000)
  object space 163328K, 97% used [0x0000000081e00000,0x000000008ba0dd48,0x000000008bd80000)
 Metaspace       used 30019K, capacity 31648K, committed 31744K, reserved 1077248K
  class space    used 3962K, capacity 4283K, committed 4352K, reserved 1048576K
}
Event: 20.148 GC heap before
{Heap before GC invocations=7 (full 2):
 PSYoungGen      total 69120K, used 5098K [0x00000000d5f80000, 0x00000000dcf00000, 0x0000000100000000)
  eden space 64000K, 0% used [0x00000000d5f80000,0x00000000d5f80000,0x00000000d9e00000)
  from space 5120K, 99% used [0x00000000da080000,0x00000000da57aa40,0x00000000da580000)
  to   space 25088K, 0% used [0x00000000db680000,0x00000000db680000,0x00000000dcf00000)
 ParOldGen       total 163328K, used 159799K [0x0000000081e00000, 0x000000008bd80000, 0x00000000d5f80000)
  object space 163328K, 97% used [0x0000000081e00000,0x000000008ba0dd48,0x000000008bd80000)
 Metaspace       used 30019K, capacity 31648K, committed 31744K, reserved 1077248K
  class space    used 3962K, capacity 4283K, committed 4352K, reserved 1048576K
Event: 20.244 GC heap after
Heap after GC invocations=7 (full 2):
 PSYoungGen      total 69120K, used 0K [0x00000000d5f80000, 0x00000000dcf00000, 0x0000000100000000)
  eden space 64000K, 0% used [0x00000000d5f80000,0x00000000d5f80000,0x00000000d9e00000)
  from space 5120K, 0% used [0x00000000da080000,0x00000000da080000,0x00000000da580000)
  to   space 25088K, 0% used [0x00000000db680000,0x00000000db680000,0x00000000dcf00000)
 ParOldGen       total 266240K, used 162178K [0x0000000081e00000, 0x0000000092200000, 0x00000000d5f80000)
  object space 266240K, 60% used [0x0000000081e00000,0x000000008bc60858,0x0000000092200000)
 Metaspace       used 30019K, capacity 31648K, committed 31744K, reserved 1077248K
  class space    used 3962K, capacity 4283K, committed 4352K, reserved 1048576K
}
Event: 27.275 GC heap before
{Heap before GC invocations=8 (full 2):
 PSYoungGen      total 69120K, used 62921K [0x00000000d5f80000, 0x00000000dcf00000, 0x0000000100000000)
  eden space 64000K, 98% used [0x00000000d5f80000,0x00000000d9cf26d0,0x00000000d9e00000)
  from space 5120K, 0% used [0x00000000da080000,0x00000000da080000,0x00000000da580000)
  to   space 25088K, 0% used [0x00000000db680000,0x00000000db680000,0x00000000dcf00000)
 ParOldGen       total 266240K, used 162178K [0x0000000081e00000, 0x0000000092200000, 0x00000000d5f80000)
  object space 266240K, 60% used [0x0000000081e00000,0x000000008bc60858,0x0000000092200000)
 Metaspace       used 30799K, capacity 32580K, committed 32896K, reserved 1077248K
  class space    used 4054K, capacity 4373K, committed 4480K, reserved 1048576K
Event: 27.310 GC heap after
Heap after GC invocations=8 (full 2):
 PSYoungGen      total 90624K, used 10133K [0x00000000d5f80000, 0x00000000de680000, 0x0000000100000000)
  eden space 65536K, 0% used [0x00000000d5f80000,0x00000000d5f80000,0x00000000d9f80000)
  from space 25088K, 40% used [0x00000000db680000,0x00000000dc065718,0x00000000dcf00000)
  to   space 23552K, 0% used [0x00000000d9f80000,0x00000000d9f80000,0x00000000db680000)
 ParOldGen       total 266240K, used 204141K [0x0000000081e00000, 0x0000000092200000, 0x00000000d5f80000)
  object space 266240K, 76% used [0x0000000081e00000,0x000000008e55b738,0x0000000092200000)
 Metaspace       used 30799K, capacity 32580K, committed 32896K, reserved 1077248K
  class space    used 4054K, capacity 4373K, committed 4480K, reserved 1048576K
}
Event: 29.445 GC heap before
{Heap before GC invocations=9 (full 2):
 PSYoungGen      total 90624K, used 75669K [0x00000000d5f80000, 0x00000000de680000, 0x0000000100000000)
  eden space 65536K, 100% used [0x00000000d5f80000,0x00000000d9f80000,0x00000000d9f80000)
  from space 25088K, 40% used [0x00000000db680000,0x00000000dc065718,0x00000000dcf00000)
  to   space 23552K, 0% used [0x00000000d9f80000,0x00000000d9f80000,0x00000000db680000)
 ParOldGen       total 266240K, used 204141K [0x0000000081e00000, 0x0000000092200000, 0x00000000d5f80000)
  object space 266240K, 76% used [0x0000000081e00000,0x000000008e55b738,0x0000000092200000)
 Metaspace       used 31061K, capacity 32822K, committed 33152K, reserved 1077248K
  class space    used 4059K, capacity 4380K, committed 4480K, reserved 1048576K
Event: 29.490 GC heap after
Heap after GC invocations=9 (full 2):
 PSYoungGen      total 89088K, used 21779K [0x00000000d5f80000, 0x00000000df500000, 0x0000000100000000)
  eden space 65536K, 0% used [0x00000000d5f80000,0x00000000d5f80000,0x00000000d9f80000)
  from space 23552K, 92% used [0x00000000d9f80000,0x00000000db4c4e20,0x00000000db680000)
  to   space 27136K, 0% used [0x00000000dda80000,0x00000000dda80000,0x00000000df500000)
 ParOldGen       total 266240K, used 246105K [0x0000000081e00000, 0x0000000092200000, 0x00000000d5f80000)
  object space 266240K, 92% used [0x0000000081e00000,0x0000000090e56618,0x0000000092200000)
 Metaspace       used 31061K, capacity 32822K, committed 33152K, reserved 1077248K
  class space    used 4059K, capacity 4380K, committed 4480K, reserved 1048576K
}
Event: 29.490 GC heap before
{Heap before GC invocations=10 (full 3):
 PSYoungGen      total 89088K, used 21779K [0x00000000d5f80000, 0x00000000df500000, 0x0000000100000000)
  eden space 65536K, 0% used [0x00000000d5f80000,0x00000000d5f80000,0x00000000d9f80000)
  from space 23552K, 92% used [0x00000000d9f80000,0x00000000db4c4e20,0x00000000db680000)
  to   space 27136K, 0% used [0x00000000dda80000,0x00000000dda80000,0x00000000df500000)
 ParOldGen       total 266240K, used 246105K [0x0000000081e00000, 0x0000000092200000, 0x00000000d5f80000)
  object space 266240K, 92% used [0x0000000081e00000,0x0000000090e56618,0x0000000092200000)
 Metaspace       used 31061K, capacity 32822K, committed 33152K, reserved 1077248K
  class space    used 4059K, capacity 4380K, committed 4480K, reserved 1048576K
Event: 29.639 GC heap after
Heap after GC invocations=10 (full 3):
 PSYoungGen      total 89088K, used 0K [0x00000000d5f80000, 0x00000000df500000, 0x0000000100000000)
  eden space 65536K, 0% used [0x00000000d5f80000,0x00000000d5f80000,0x00000000d9f80000)
  from space 23552K, 0% used [0x00000000d9f80000,0x00000000d9f80000,0x00000000db680000)
  to   space 27136K, 0% used [0x00000000dda80000,0x00000000dda80000,0x00000000df500000)
 ParOldGen       total 425472K, used 266122K [0x0000000081e00000, 0x000000009bd80000, 0x00000000d5f80000)
  object space 425472K, 62% used [0x0000000081e00000,0x00000000921e29e8,0x000000009bd80000)
 Metaspace       used 31061K, capacity 32822K, committed 33152K, reserved 1077248K
  class space    used 4059K, capacity 4380K, committed 4480K, reserved 1048576K
}

